#
# There is insufficient memory for the Java Runtime Environment to continue.
# Native memory allocation (mmap) failed to map 65536 bytes for Failed to commit area from 0x000001fea4610000 to 0x000001fea4620000 of length 65536.
# Possible reasons:
#   The system is out of physical RAM or swap space
#   The process is running with CompressedOops enabled, and the Java Heap may be blocking the growth of the native heap
# Possible solutions:
#   Reduce memory load on the system
#   Increase physical memory or swap space
#   Check if swap backing store is full
#   Decrease Java heap size (-Xmx/-Xms)
#   Decrease number of Java threads
#   Decrease Java thread stack sizes (-Xss)
#   Set larger code cache with -XX:ReservedCodeCacheSize=
# This output file may be truncated or incomplete.
#
#  Out of Memory Error (t:/workspace/open/src/hotspot/os/windows/os_windows.cpp:3269), pid=3128, tid=24064
#
# JRE version:  (11.0.3+12) (build )
# Java VM: Java HotSpot(TM) 64-Bit Server VM (11.0.3+12-LTS, mixed mode, aot, sharing, tiered, compressed oops, g1 gc, windows-amd64)
# No core dump will be written. Minidumps are not enabled by default on client versions of Windows
#

---------------  S U M M A R Y ------------

Command Line: -Xmx512M -XX:MaxPermSize=256m -XX:ReservedCodeCacheSize=128m -Dsbt.log.format=true -Xms6G -Xmx6G C:\Program Files (x86)\sbt\bin\java9-rt-export.jar #
# There is insufficient memory for the Java Runtime Environment to continue.
# Native memory allocation (mmap) failed to map 65536 bytes for Failed to commit area from 0x0000024992a70000 to 0x0000024992a80000 of length 65536.
# An error report file with more information is saved as:
# D:\ik\thesis\hs_err_pid16340.log\rt.jar

Host: Intel(R) Core(TM) i5-8250U CPU @ 1.60GHz, 8 cores, 7G,  Windows 10 , 64 bit Build 18362 (10.0.18362.329)
Time: Tue Dec  3 14:09:26 2019 Russia TZ 2 Standard Time elapsed time: 0 seconds (0d 0h 0m 0s)

---------------  T H R E A D  ---------------

Current thread (0x000001fe83e73000):  JavaThread "Unknown thread" [_thread_in_vm, id=24064, stack(0x0000008a46d00000,0x0000008a46e00000)]

Stack: [0x0000008a46d00000,0x0000008a46e00000]
Native frames: (J=compiled Java code, j=interpreted, Vv=VM code, C=native code)
V  [jvm.dll+0x63582a]
V  [jvm.dll+0x77360f]
V  [jvm.dll+0x774cba]
V  [jvm.dll+0x775373]
V  [jvm.dll+0x25e9c8]
V  [jvm.dll+0x632cba]
V  [jvm.dll+0x627715]
V  [jvm.dll+0x31523c]
V  [jvm.dll+0x3150c2]
V  [jvm.dll+0x31aa4e]
V  [jvm.dll+0x3666a5]
V  [jvm.dll+0x3660a0]
V  [jvm.dll+0x2f1da8]
V  [jvm.dll+0x2f2f06]
V  [jvm.dll+0x74c867]
V  [jvm.dll+0x74dfaf]
V  [jvm.dll+0x3734b9]
V  [jvm.dll+0x732f09]
V  [jvm.dll+0x3e291d]
V  [jvm.dll+0x3e4cb1]
C  [java.exe+0x3607]
C  [java.exe+0x178dc]
C  [KERNEL32.DLL+0x17bd4]
C  [ntdll.dll+0x6ced1]


---------------  P R O C E S S  ---------------

Threads class SMR info:
_java_thread_list=0x000001fe83c11c60, length=0, elements={
}

Java Threads: ( => current thread )

Other Threads:
  0x000001fe83e88000 GCTaskThread "GC Thread#0" [stack: 0x0000008a46e00000,0x0000008a46f00000] [id=19196]
  0x000001fe83eec800 ConcurrentGCThread "G1 Main Marker" [stack: 0x0000008a46f00000,0x0000008a47000000] [id=14552]
  0x000001fe83ef0000 ConcurrentGCThread "G1 Conc#0" [stack: 0x0000008a47000000,0x0000008a47100000] [id=17772]

[error occurred during error reporting (printing all threads), id 0xc0000005, EXCEPTION_ACCESS_VIOLATION (0xc0000005) at pc=0x00007ffe0a9e0497]

VM state:not at safepoint (not fully initialized)

VM Mutex/Monitor currently owned by a thread:  ([mutex/lock_event])
[0x000001fe83e71230] Heap_lock - owner thread: 0x000001fe83e73000

Heap address: 0x0000000680000000, size: 6144 MB, Compressed Oops mode: Non-zero based: 0x0000000680000000
Narrow klass base: 0x0000000000000000, Narrow klass shift: 0

GC Heap History (0 events):
No events

Deoptimization events (0 events):
No events

Classes redefined (0 events):
No events

Internal exceptions (0 events):
No events

Events (0 events):
No events


Dynamic libraries:
0x00007ff63a840000 - 0x00007ff63a887000 	C:\Program Files\Java\jdk-11.0.3\bin\java.exe
0x00007ffe82c00000 - 0x00007ffe82df0000 	C:\WINDOWS\SYSTEM32\ntdll.dll
0x00007ffe814e0000 - 0x00007ffe81592000 	C:\WINDOWS\System32\KERNEL32.DLL
0x00007ffe80910000 - 0x00007ffe80bb3000 	C:\WINDOWS\System32\KERNELBASE.dll
0x00007ffe81740000 - 0x00007ffe817e3000 	C:\WINDOWS\System32\ADVAPI32.dll
0x00007ffe80eb0000 - 0x00007ffe80f4e000 	C:\WINDOWS\System32\msvcrt.dll
0x00007ffe81610000 - 0x00007ffe816a7000 	C:\WINDOWS\System32\sechost.dll
0x00007ffe80d10000 - 0x00007ffe80e30000 	C:\WINDOWS\System32\RPCRT4.dll
0x00007ffe81960000 - 0x00007ffe81af4000 	C:\WINDOWS\System32\USER32.dll
0x00007ffe7fc30000 - 0x00007ffe7fc51000 	C:\WINDOWS\System32\win32u.dll
0x00007ffe81be0000 - 0x00007ffe81c06000 	C:\WINDOWS\System32\GDI32.dll
0x00007ffe7fc90000 - 0x00007ffe7fe24000 	C:\WINDOWS\System32\gdi32full.dll
0x00007ffe80bc0000 - 0x00007ffe80c5e000 	C:\WINDOWS\System32\msvcp_win.dll
0x00007ffe7ffe0000 - 0x00007ffe800da000 	C:\WINDOWS\System32\ucrtbase.dll
0x00007ffe6df20000 - 0x00007ffe6e1a5000 	C:\WINDOWS\WinSxS\amd64_microsoft.windows.common-controls_6595b64144ccf1df_6.0.18362.476_none_e6c4b11b130f2595\COMCTL32.dll
0x00007ffe6ee50000 - 0x00007ffe6ee5a000 	C:\WINDOWS\SYSTEM32\VERSION.dll
0x00007ffe80f50000 - 0x00007ffe81286000 	C:\WINDOWS\System32\combase.dll
0x00007ffe7fb90000 - 0x00007ffe7fc10000 	C:\WINDOWS\System32\bcryptPrimitives.dll
0x00007ffe81dc0000 - 0x00007ffe81dee000 	C:\WINDOWS\System32\IMM32.DLL
0x00007ffe712f0000 - 0x00007ffe71306000 	C:\Program Files\Java\jdk-11.0.3\bin\vcruntime140.dll
0x00007ffe6fc10000 - 0x00007ffe6fcba000 	C:\Program Files\Java\jdk-11.0.3\bin\msvcp140.dll
0x00007ffe0a6e0000 - 0x00007ffe0b207000 	C:\Program Files\Java\jdk-11.0.3\bin\server\jvm.dll
0x00007ffe81950000 - 0x00007ffe81958000 	C:\WINDOWS\System32\PSAPI.DLL
0x00007ffe6c980000 - 0x00007ffe6c989000 	C:\WINDOWS\SYSTEM32\WSOCK32.dll
0x00007ffe7b3f0000 - 0x00007ffe7b414000 	C:\WINDOWS\SYSTEM32\WINMM.dll
0x00007ffe815a0000 - 0x00007ffe8160f000 	C:\WINDOWS\System32\WS2_32.dll
0x00007ffe7afe0000 - 0x00007ffe7b00d000 	C:\WINDOWS\SYSTEM32\winmmbase.dll
0x00007ffe80c60000 - 0x00007ffe80caa000 	C:\WINDOWS\System32\cfgmgr32.dll
0x00007ffe7fb70000 - 0x00007ffe7fb81000 	C:\WINDOWS\System32\kernel.appcore.dll
0x00007ffe712d0000 - 0x00007ffe712e1000 	C:\Program Files\Java\jdk-11.0.3\bin\verify.dll
0x00007ffe7e3e0000 - 0x00007ffe7e5d4000 	C:\WINDOWS\SYSTEM32\DBGHELP.DLL
0x00007ffe6b1c0000 - 0x00007ffe6b1ea000 	C:\WINDOWS\SYSTEM32\dbgcore.DLL
0x00007ffe712a0000 - 0x00007ffe712c9000 	C:\Program Files\Java\jdk-11.0.3\bin\java.dll
0x00007ffe71280000 - 0x00007ffe71296000 	C:\Program Files\Java\jdk-11.0.3\bin\zip.dll
0x00007ffe7bbe0000 - 0x00007ffe7bbea000 	C:\Program Files\Java\jdk-11.0.3\bin\jimage.dll

dbghelp: loaded successfully - version: 4.0.5 - missing functions: none
symbol engine: initialized successfully - sym options: 0x614 - pdb path: .;C:\Program Files\Java\jdk-11.0.3\bin;C:\WINDOWS\SYSTEM32;C:\WINDOWS\WinSxS\amd64_microsoft.windows.common-controls_6595b64144ccf1df_6.0.18362.476_none_e6c4b11b130f2595;C:\Program Files\Java\jdk-11.0.3\bin\server

VM Arguments:
jvm_args: -Xmx512M -XX:MaxPermSize=256m -XX:ReservedCodeCacheSize=128m -Dsbt.log.format=true -Xms6G -Xmx6G 
java_command: C:\Program Files (x86)\sbt\bin\java9-rt-export.jar #
# There is insufficient memory for the Java Runtime Environment to continue.
# Native memory allocation (mmap) failed to map 65536 bytes for Failed to commit area from 0x0000024992a70000 to 0x0000024992a80000 of length 65536.
# An error report file with more information is saved as:
# D:\ik\thesis\hs_err_pid16340.log\rt.jar
java_class_path (initial): C:\Program Files (x86)\sbt\bin\java9-rt-export.jar
Launcher Type: SUN_STANDARD

[Global flags]
     intx CICompilerCount                          = 4                                         {product} {ergonomic}
     uint ConcGCThreads                            = 2                                         {product} {ergonomic}
     uint G1ConcRefinementThreads                  = 8                                         {product} {ergonomic}
   size_t G1HeapRegionSize                         = 2097152                                   {product} {ergonomic}
    uintx GCDrainStackTargetSize                   = 64                                        {product} {ergonomic}
   size_t InitialHeapSize                          = 6442450944                                {product} {command line}
   size_t MarkStackSize                            = 4194304                                   {product} {ergonomic}
   size_t MaxHeapSize                              = 6442450944                                {product} {command line}
   size_t MinHeapDeltaBytes                        = 2097152                                   {product} {ergonomic}
    uintx NonProfiledCodeHeapSize                  = 0                                      {pd product} {ergonomic}
    uintx ProfiledCodeHeapSize                     = 0                                      {pd product} {ergonomic}
    uintx ReservedCodeCacheSize                    = 134217728                              {pd product} {command line}
     bool UseCompressedClassPointers               = true                                 {lp64_product} {ergonomic}
     bool UseCompressedOops                        = true                                 {lp64_product} {ergonomic}
     bool UseG1GC                                  = true                                      {product} {ergonomic}
     bool UseLargePagesIndividualAllocation        = false                                  {pd product} {ergonomic}

Logging:
Log output configuration:
 #0: stdout all=warning uptime,level,tags
 #1: stderr all=off uptime,level,tags

Environment Variables:
JAVA_HOME=C:\Program Files\Java\jdk-11.0.3
PATH=C:\Program Files\Java\jdk-11.0.3\bin;C:\Program Files (x86)\Intel\iCLS Client\;C:\Program Files\Intel\iCLS Client\;C:\WINDOWS\system32;C:\WINDOWS;C:\WINDOWS\System32\Wbem;C:\WINDOWS\System32\WindowsPowerShell\v1.0\;C:\Program Files (x86)\Intel\Intel(R) Management Engine Components\DAL;C:\Program Files\Intel\Intel(R) Management Engine Components\DAL;C:\Program Files (x86)\Intel\Intel(R) Management Engine Components\IPT;C:\Program Files\Intel\Intel(R) Management Engine Components\IPT;C:\Program Files\Git\cmd;C:\Program Files\nodejs\;C:\Program Files\Java\jdk-11.0.3\bin;;C:\WINDOWS\System32\OpenSSH\;C:\Program Files (x86)\sbt\bin;C:\Program Files\PuTTY\;C:\Program Files\IDM Computer Solutions\UltraEdit;C:\Users\Dmitry\AppData\Local\Microsoft\WindowsApps;;C:\Users\Dmitry\AppData\Local\Programs\Microsoft VS Code\bin
USERNAME=Dmitry
OS=Windows_NT
PROCESSOR_IDENTIFIER=Intel64 Family 6 Model 142 Stepping 10, GenuineIntel



---------------  S Y S T E M  ---------------

OS: Windows 10 , 64 bit Build 18362 (10.0.18362.329)

CPU:total 8 (initial active 8) (4 cores per cpu, 2 threads per core) family 6 model 142 stepping 10, cmov, cx8, fxsr, mmx, sse, sse2, sse3, ssse3, sse4.1, sse4.2, popcnt, avx, avx2, aes, clmul, erms, 3dnowpref, lzcnt, ht, tsc, tscinvbit, bmi1, bmi2, adx, fma

Memory: 4k page, system-wide physical 7915M (2016M free)
TotalPageFile size 22524M (AvailPageFile size 1M)
current process WorkingSet (physical memory assigned to process): 106M, peak: 106M
current process commit charge ("private bytes"): 6403M, peak: 6403M

vm_info: Java HotSpot(TM) 64-Bit Server VM (11.0.3+12-LTS) for windows-amd64 JRE (11.0.3+12-LTS), built on Apr  2 2019 12:43:09 by "mach5one" with MS VC++ 15.5 (VS2017)

END.
